2025-10-17T12:08:09+00:00 DEBUG #2822 - [New Request] POST /wp-json/wc-admin/plugins/install
2025-10-17T12:08:09+00:00 DEBUG #2822 - GET https://api.woocommerce.com/integrations/ppc/v1/notifications/webhooks
Response: Array
(
    [code] => 404
    [message] => Not Found
)

Response Body: {"statusCode":404,"error":"Not Found","message":"Not Found"}

2025-10-17T12:08:09+00:00 ERROR #2822 - Failed to delete webhooks: [Error] Not Found
2025-10-17T12:08:09+00:00 INFO #2822 - Webhooks deleted.
2025-10-17T12:08:10+00:00 DEBUG #2822 - POST https://api.woocommerce.com/integrations/ppc/v1/notifications/webhooks
Request Body: {"url":"https:\/\/mysite7.rus\/wp-json\/paypal\/v1\/incoming","event_types":[{"name":"CHECKOUT.ORDER.APPROVED"},{"name":"CHECKOUT.ORDER.COMPLETED"},{"name":"CHECKOUT.PAYMENT-APPROVAL.REVERSED"},{"name":"PAYMENT.CAPTURE.REFUNDED"},{"name":"PAYMENT.AUTHORIZATION.VOIDED"},{"name":"PAYMENT.CAPTURE.REVERSED"},{"name":"PAYMENT.ORDER.CANCELLED"},{"name":"PAYMENT.CAPTURE.DENIED"},{"name":"PAYMENT.CAPTURE.COMPLETED"},{"name":"VAULT.PAYMENT-TOKEN.CREATED"},{"name":"VAULT.PAYMENT-TOKEN.DELETED"},{"name":"PAYMENT.CAPTURE.PENDING"},{"name":"PAYMENT.SALE.COMPLETED"},{"name":"PAYMENT.SALE.REFUNDED"},{"name":"BILLING.SUBSCRIPTION.CANCELLED"},{"name":"BILLING.PLAN.PRICING-CHANGE.ACTIVATED"},{"name":"CATALOG.PRODUCT.UPDATED"},{"name":"BILLING.PLAN.UPDATED"}]}
Response: Array
(
    [code] => 404
    [message] => Not Found
)

Response Body: {"statusCode":404,"error":"Not Found","message":"Not Found"}

2025-10-17T12:08:10+00:00 ERROR #2822 - Failed to subscribe webhooks: [Error] Not Found
2025-10-17T13:34:36+00:00 DEBUG #1363 - [New Request] GET /wp-admin/admin.php
2025-10-17T13:34:36+00:00 DEBUG #1363 - GET https://api.woocommerce.com/integrations/ppc/v1/customer/partners/K8SKZ36LQBWXJ/merchant-integrations/
Response: Array
(
    [code] => 404
    [message] => Not Found
)

Response Body: {"statusCode":404,"error":"Not Found","message":"Not Found"}

2025-10-17T13:34:36+00:00 WARNING #1363 - [Error] Not Found CONTEXT: {"args":{"method":"GET","headers":{"Authorization":"Bearer token","Content-Type":"application/json"}},"response":{"headers":{},"body":"{"statusCode":404,"error":"Not Found","message":"Not Found"}","response":{"code":404,"message":"Not Found"},"cookies":[],"filename":null,"http_response":{"data":null,"headers":null,"status":null}}}
2025-10-17T13:34:38+00:00 DEBUG #5496 - [New Request] GET /wp-json/wc/v3/wc_paypal/webhooks
2025-10-17T13:34:38+00:00 DEBUG #5496 - GET https://api.woocommerce.com/integrations/ppc/v1/notifications/webhooks
Response: Array
(
    [code] => 404
    [message] => Not Found
)

Response Body: {"statusCode":404,"error":"Not Found","message":"Not Found"}

2025-10-17T13:35:53+00:00 DEBUG #2262 - [New Request] GET /wp-admin/plugins.php
2025-10-17T13:35:53+00:00 DEBUG #2262 - GET https://api.woocommerce.com/integrations/ppc/v1/notifications/webhooks
Response: Array
(
    [code] => 404
    [message] => Not Found
)

Response Body: {"statusCode":404,"error":"Not Found","message":"Not Found"}

2025-10-17T13:35:53+00:00 ERROR #2262 - Failed to delete webhooks: [Error] Not Found
2025-10-17T13:35:53+00:00 INFO #2262 - Webhooks deleted.
